<?xml version="1.0" encoding="UTF-8"?>
<!-- Generated by org.testng.reporters.JUnitReportReporter -->
<testsuite hostname="DESKTOP-4IR4FTH" failures="0" tests="9" name="TestCases.Test2InventoryPage" time="95.522" errors="0" timestamp="2022-10-27T08:55:20 IST" skipped="0">
  <testcase classname="TestCases.Test2InventoryPage" name="verifylinkedinLogoTest" time="7.924"/>
  <system-out/>
  <testcase classname="TestCases.Test2InventoryPage" name="add6ProductTest" time="7.988"/>
  <system-out/>
  <testcase classname="TestCases.Test2InventoryPage" name="clickcartlogotest" time="6.803"/>
  <system-out/>
  <testcase classname="TestCases.Test2InventoryPage" name="verifylabelofcartpagetest" time="7.331"/>
  <system-out/>
  <testcase classname="TestCases.Test2InventoryPage" name="verifySmallLogo" time="22.812"/>
  <system-out/>
  <testcase classname="TestCases.Test2InventoryPage" name="verifyBogLogo" time="5.908"/>
  <system-out/>
  <testcase classname="TestCases.Test2InventoryPage" name="verifytwitterLogoTest" time="24.664"/>
  <system-out/>
  <testcase classname="TestCases.Test2InventoryPage" name="LoginToApp3Test" time="5.870"/>
  <system-out/>
  <testcase classname="TestCases.Test2InventoryPage" name="verifyfacebookLogoTest" time="6.222"/>
  <system-out/>
</testsuite> <!-- TestCases.Test2InventoryPage -->
