<?xml version="1.0" encoding="UTF-8"?>
<!-- Generated by org.testng.reporters.JUnitReportReporter -->
<testsuite hostname="DESKTOP-4IR4FTH" failures="0" tests="6" name="TestCases.Test1LoginPage" time="33.768" errors="0" timestamp="2022-10-27T08:48:49 IST" skipped="0">
  <testcase classname="TestCases.Test1LoginPage" name="LoginToApp1Test" time="6.504"/>
  <system-out/>
  <testcase classname="TestCases.Test1LoginPage" name="verifyTitleTest" time="5.041"/>
  <system-out/>
  <testcase classname="TestCases.Test1LoginPage" name="verifylogo1" time="4.893"/>
  <system-out/>
  <testcase classname="TestCases.Test1LoginPage" name="verifylogo2" time="6.714"/>
  <system-out/>
  <testcase classname="TestCases.Test1LoginPage" name="verifyUrlTest" time="5.782"/>
  <system-out/>
  <testcase classname="TestCases.Test1LoginPage" name="LoginToApp2Test" time="4.834"/>
  <system-out/>
</testsuite> <!-- TestCases.Test1LoginPage -->
