<?xml version="1.0" encoding="UTF-8"?>
<!-- Generated by org.testng.reporters.JUnitReportReporter -->
<testsuite hostname="DESKTOP-AcerAspire7" failures="0" tests="4" name="TestCases.Test3CartPage" time="8.580" errors="0" timestamp="2022-11-11T21:16:20 IST" skipped="3">
  <testcase classname="TestCases.Test3CartPage" name="clickmenubtntest" time="8.580"/>
  <system-out/>
  <testcase classname="TestCases.Test3CartPage" name="verifyinformationtexttest">
    <skipped/>
  </testcase> <!-- verifyinformationtexttest -->
  <system-out/>
  <testcase classname="TestCases.Test3CartPage" name="verifyyourcarttexttest">
    <skipped/>
  </testcase> <!-- verifyyourcarttexttest -->
  <system-out/>
  <testcase classname="TestCases.Test3CartPage" name="clickcheckoutbtntest">
    <skipped/>
  </testcase> <!-- clickcheckoutbtntest -->
  <system-out/>
</testsuite> <!-- TestCases.Test3CartPage -->
