<?xml version="1.0" encoding="UTF-8"?>
<!-- Generated by org.testng.reporters.JUnitReportReporter -->
<testsuite hostname="DESKTOP-4IR4FTH" failures="0" tests="2" name="TestCases.LoginPageTest" time="64.076" errors="0" timestamp="2022-10-09T23:26:16 IST" skipped="0">
  <testcase classname="TestCases.LoginPageTest" name="verifyUrlTest" time="9.545"/>
  <system-out/>
  <testcase classname="TestCases.LoginPageTest" name="verifyTitleTest" time="54.531"/>
  <system-out/>
</testsuite> <!-- TestCases.LoginPageTest -->
